 èþë. 08 2023, 12:47:41 AM: Service message: You have connected to the server.
 èþë. 08 2023, 12:47:43 AM: This name is already in use, please enter another one!
 èþë. 08 2023, 12:47:43 AM: Service message: user 12 has joined the chat.
 èþë. 08 2023, 12:47:45 AM: 12: 12
 èþë. 08 2023, 12:47:47 AM: 12: 1289
 èþë. 08 2023, 12:47:48 AM: 12: 
 èþë. 08 2023, 12:47:49 AM: 12: 
 èþë. 08 2023, 12:47:50 AM: Service message: user 12 has left the chat.
 èþë. 08 2023, 02:51:38 AM: Service message: You have connected to the server.
 èþë. 08 2023, 02:51:39 AM: This name is already in use, please enter another one!
 èþë. 08 2023, 02:51:39 AM: Service message: user 123 has joined the chat.
 èþë. 08 2023, 02:51:49 AM: 123: \exit
 èþë. 08 2023, 02:51:57 AM: 123: /exit
 èþë. 08 2023, 02:52:10 AM: Service message: user 123 has left the chat.
 èþë. 08 2023, 02:53:22 AM: Service message: You have connected to the server.
 èþë. 08 2023, 02:53:23 AM: This name is already in use, please enter another one!
 èþë. 08 2023, 02:53:23 AM: Service message: user 12 has joined the chat.
 èþë. 08 2023, 02:53:26 AM: Service message: user 12 has left the chat.
 èþë. 08 2023, 02:56:19 AM: Service message: You have connected to the server.
 èþë. 08 2023, 02:56:22 AM: This name is already in use, please enter another one!
 èþë. 08 2023, 02:56:22 AM: Service message: user 12314 has joined the chat.
 èþë. 08 2023, 02:56:45 AM: 12314: /exit
 èþë. 08 2023, 02:56:51 AM: 12314: 
 èþë. 08 2023, 02:58:31 AM: Service message: You have connected to the server.
 èþë. 08 2023, 02:58:32 AM: This name is already in use, please enter another one!
 èþë. 08 2023, 02:58:32 AM: Service message: user 123 has joined the chat.
 èþë. 08 2023, 02:58:39 AM: 123: qeq
 èþë. 08 2023, 02:58:40 AM: 123: qwe
 èþë. 08 2023, 02:58:42 AM: 123: qwe
 èþë. 08 2023, 02:58:49 AM: 123: exit
 èþë. 08 2023, 02:58:56 AM: 123: exit
 èþë. 08 2023, 02:59:01 AM: Service message: user 123 has left the chat.
 èþë. 08 2023, 03:00:15 AM: Service message: You have connected to the server.
 èþë. 08 2023, 03:00:16 AM: This name is already in use, please enter another one!
 èþë. 08 2023, 03:00:16 AM: Service message: user weq has joined the chat.
 èþë. 08 2023, 03:00:21 AM: weq: 1
 èþë. 08 2023, 03:00:28 AM: Service message: user weq has left the chat.
 èþë. 08 2023, 05:43:24 PM: Service message: You have connected to the server.
 èþë. 08 2023, 05:43:25 PM: This name is already in use, please enter another one!
 èþë. 08 2023, 05:43:25 PM: Service message: user 12341 has joined the chat.
 èþë. 08 2023, 05:43:29 PM: 12341: asdasd\as
 èþë. 08 2023, 05:43:30 PM: 12341: asd
 èþë. 08 2023, 05:43:31 PM: 12341: asdasd
 èþë. 08 2023, 05:43:31 PM: 12341: asd
 èþë. 08 2023, 05:43:32 PM: 12341: asd
 èþë. 08 2023, 05:43:34 PM: 12341: 1
 èþë. 08 2023, 05:44:24 PM: Service message: You have connected to the server.
 èþë. 08 2023, 05:44:25 PM: This name is already in use, please enter another one!
 èþë. 08 2023, 05:44:25 PM: Service message: user 123 has joined the chat.
 èþë. 08 2023, 05:44:28 PM: Service message: user 123 has left the chat.
 èþë. 08 2023, 05:44:39 PM: Service message: You have connected to the server.
 èþë. 08 2023, 05:44:41 PM: This name is already in use, please enter another one!
 èþë. 08 2023, 05:44:41 PM: Service message: user 123 has joined the chat.
 èþë. 08 2023, 05:44:45 PM: 123: 1
 èþë. 08 2023, 05:46:01 PM: Service message: user 123 has left the chat.
 èþë. 08 2023, 06:00:58 PM: Service message: You have connected to the server.
 èþë. 08 2023, 06:01:03 PM: This name is already in use, please enter another one!
 èþë. 08 2023, 06:01:03 PM: Service message: user 1234 has joined the chat.
 èþë. 08 2023, 06:01:06 PM: 1234: 12312412
 èþë. 08 2023, 06:01:08 PM: 1234: 213123
 èþë. 08 2023, 06:01:09 PM: 1234: 1
 èþë. 08 2023, 06:01:15 PM: Service message: user 1234 has left the chat.
 èþë. 08 2023, 06:01:20 PM: Service message: You have connected to the server.
 èþë. 08 2023, 06:01:22 PM: This name is already in use, please enter another one!
 èþë. 08 2023, 06:01:22 PM: Service message: user sadasd has joined the chat.
 èþë. 08 2023, 06:01:26 PM: sadasd: 123123123
 èþë. 08 2023, 06:01:31 PM: sadasd: 1
 èþë. 08 2023, 06:01:33 PM: Service message: user sadasd has left the chat.
 èþë. 08 2023, 06:12:11 PM: Service message: You have connected to the server.
 èþë. 08 2023, 06:12:17 PM: This name is already in use, please enter another one!
 èþë. 08 2023, 06:12:17 PM: Service message: user 1221 has joined the chat.
 èþë. 08 2023, 06:12:31 PM: 1221: 12
 èþë. 08 2023, 06:12:51 PM: 1221: 121
 èþë. 08 2023, 06:12:53 PM: 1221: 1212
 èþë. 08 2023, 06:12:54 PM: 1221: 12
 èþë. 08 2023, 06:12:55 PM: 1221: 12
 èþë. 08 2023, 06:12:55 PM: 1221: 2
 èþë. 08 2023, 06:12:55 PM: 1221: 
 èþë. 08 2023, 06:12:56 PM: 1221: 
 èþë. 08 2023, 06:12:56 PM: 1221: 
 èþë. 08 2023, 06:13:56 PM: Service message: You have connected to the server.
 èþë. 08 2023, 06:14:02 PM: This name is already in use, please enter another one!
 èþë. 08 2023, 06:14:02 PM: Service message: user 123 has joined the chat.
 èþë. 08 2023, 06:14:05 PM: 123: 1
 èþë. 08 2023, 06:14:06 PM: 123: 1
 èþë. 08 2023, 06:14:06 PM: 123: 1
 èþë. 08 2023, 06:14:06 PM: 123: 2
 èþë. 08 2023, 06:14:07 PM: 123: 3
 èþë. 08 2023, 06:14:07 PM: 123: 4
 èþë. 08 2023, 06:14:08 PM: 123: 5
 èþë. 08 2023, 06:14:08 PM: 123: 6
 èþë. 08 2023, 06:14:09 PM: 123: 7
 èþë. 08 2023, 06:14:12 PM: Service message: user 123 has left the chat.
 èþë. 08 2023, 06:24:43 PM: Service message: You have connected to the server.
 èþë. 08 2023, 06:24:44 PM: This name is already in use, please enter another one!
 èþë. 08 2023, 06:24:44 PM: Service message: user 123 has joined the chat.
 èþë. 08 2023, 06:24:47 PM: 123: 123
 èþë. 08 2023, 06:24:48 PM: 123:  
 èþë. 08 2023, 06:24:50 PM: 123: 
 èþë. 08 2023, 06:24:50 PM: 123: 
 èþë. 08 2023, 06:24:52 PM: 123: kkl;
 èþë. 08 2023, 06:24:58 PM: Service message: user 123 has left the chat.
 èþë. 10 2023, 09:24:37 PM: Service message: You have connected to the server.
 èþë. 10 2023, 09:24:39 PM: This name is already in use, please enter another one!
 èþë. 10 2023, 09:24:39 PM: Service message: user 111 has joined the chat.
 èþë. 10 2023, 09:24:45 PM: 111: 1
 èþë. 10 2023, 09:34:09 PM: Service message: You have connected to the server.
 èþë. 10 2023, 09:34:10 PM: This name is already in use, please enter another one!
 èþë. 10 2023, 09:34:10 PM: Service message: user 1 has joined the chat.
 èþë. 10 2023, 09:34:13 PM: 1: 1
 èþë. 10 2023, 09:37:02 PM: Service message: You have connected to the server.
 èþë. 10 2023, 09:37:05 PM: This name is already in use, please enter another one!
 èþë. 10 2023, 09:37:05 PM: Service message: user p has joined the chat.
 èþë. 10 2023, 09:37:16 PM: p: 1
 èþë. 10 2023, 09:37:27 PM: p: (1)
 èþë. 10 2023, 09:55:49 PM: Service message: user p has left the chat.
 èþë. 10 2023, 09:55:51 PM: Service message: You have connected to the server.
 èþë. 10 2023, 09:55:54 PM: This name is already in use, please enter another one!
 èþë. 10 2023, 09:55:54 PM: Service message: user 3 has joined the chat.
 èþë. 10 2023, 09:55:58 PM: 3: 3
 èþë. 10 2023, 09:55:59 PM: 3: 
 èþë. 10 2023, 09:56:06 PM: Service message: You have connected to the server.
 èþë. 10 2023, 09:56:09 PM: This name is already in use, please enter another one!
 èþë. 10 2023, 09:56:21 PM: Service message: You have connected to the server.
 èþë. 10 2023, 09:56:47 PM: Service message: You have connected to the server.
 èþë. 10 2023, 09:57:49 PM: Service message: You have connected to the server.
 èþë. 10 2023, 09:57:51 PM: This name is already in use, please enter another one!
 èþë. 10 2023, 09:57:51 PM: Service message: user 1 has joined the chat.
 èþë. 10 2023, 09:57:58 PM: 1: g
 èþë. 10 2023, 09:58:02 PM: Service message: user 1 has left the chat.
 èþë. 10 2023, 09:58:36 PM: Service message: You have connected to the server.
 èþë. 10 2023, 09:58:38 PM: This name is already in use, please enter another one!
 èþë. 10 2023, 09:58:38 PM: Service message: user 4 has joined the chat.
 èþë. 10 2023, 09:58:41 PM: 4: 5
 èþë. 10 2023, 09:58:43 PM: Service message: user 4 has left the chat.
 èþë. 10 2023, 09:59:16 PM: Service message: You have connected to the server.
 èþë. 10 2023, 10:01:26 PM: Service message: You have connected to the server.
 èþë. 10 2023, 10:01:36 PM: This name is already in use, please enter another one!
 èþë. 10 2023, 10:09:21 PM: Service message: You have connected to the server.
 èþë. 10 2023, 10:09:23 PM: This name is already in use, please enter another one!
 èþë. 10 2023, 10:11:53 PM: Service message: You have connected to the server.
 èþë. 10 2023, 10:12:20 PM: Service message: You have connected to the server.
 èþë. 10 2023, 10:12:22 PM: This name is already in use, please enter another one!
 èþë. 10 2023, 10:12:22 PM: Service message: user 1 has joined the chat.
 èþë. 10 2023, 10:12:26 PM: 1: 1
 èþë. 10 2023, 10:12:50 PM: 1: /exit
 èþë. 10 2023, 10:13:25 PM: 1: /exit
 èþë. 10 2023, 10:13:59 PM: 1: /exit
 èþë. 10 2023, 10:14:37 PM: Service message: You have connected to the server.
 èþë. 10 2023, 10:14:54 PM: Service message: You have connected to the server.
 èþë. 10 2023, 10:14:56 PM: This name is already in use, please enter another one!
 èþë. 10 2023, 10:14:56 PM: Service message: user 1 has joined the chat.
 èþë. 10 2023, 10:15:04 PM: 1: /exit
 èþë. 10 2023, 10:15:16 PM: Service message: You have connected to the server.
 èþë. 10 2023, 10:15:18 PM: This name is already in use, please enter another one!
 èþë. 10 2023, 10:15:18 PM: Service message: user asdas has joined the chat.
 èþë. 10 2023, 10:15:23 PM: Service message: user asdas has left the chat.
 èþë. 10 2023, 11:00:00 PM: Service message: You have connected to the server.
 èþë. 10 2023, 11:00:04 PM: This name is already in use, please enter another one!
 èþë. 10 2023, 11:00:04 PM: Service message: user ðîë has joined the chat.
 èþë. 10 2023, 11:00:13 PM: ðîë: áüü
 èþë. 10 2023, 11:00:21 PM: ðîë: vc v 
 èþë. 10 2023, 11:00:36 PM: ðîë: /exit
 èþë. 10 2023, 11:00:48 PM: Service message: You have connected to the server.
 èþë. 10 2023, 11:00:50 PM: This name is already in use, please enter another one!
 èþë. 10 2023, 11:00:50 PM: Service message: user jijpo has joined the chat.
 èþë. 10 2023, 11:00:52 PM: Service message: user jijpo has left the chat.
 èþë. 10 2023, 11:01:12 PM: Service message: You have connected to the server.
 èþë. 10 2023, 11:01:17 PM: This name is already in use, please enter another one!
 èþë. 10 2023, 11:01:17 PM: Service message: user l;m' has joined the chat.
 èþë. 10 2023, 11:01:33 PM: Service message: user l;m' has left the chat.
 èþë. 10 2023, 11:13:22 PM: Service message: You have connected to the server.
 èþë. 10 2023, 11:13:25 PM: This name is already in use, please enter another one!
 èþë. 10 2023, 11:13:25 PM: Service message: user 1 has joined the chat.
 èþë. 10 2023, 11:13:32 PM: Service message: user 1 has left the chat.
 èþë. 10 2023, 11:13:56 PM: Service message: You have connected to the server.
 èþë. 10 2023, 11:13:59 PM: This name is already in use, please enter another one!
 èþë. 10 2023, 11:13:59 PM: Service message: user 211234 has joined the chat.
 èþë. 10 2023, 11:14:05 PM: 211234: /exit
 èþë. 10 2023, 11:14:10 PM: 211234: j
 èþë. 10 2023, 11:14:17 PM: Service message: user 211234 has left the chat.
 èþë. 10 2023, 11:15:12 PM: Service message: You have connected to the server.
 èþë. 10 2023, 11:15:19 PM: This name is already in use, please enter another one!
 èþë. 10 2023, 11:15:19 PM: Service message: user 444 has joined the chat.
 èþë. 10 2023, 11:15:23 PM: 444: 9u0
 èþë. 10 2023, 11:15:30 PM: 444: /exit
 èþë. 10 2023, 11:15:32 PM: 444: 
 èþë. 10 2023, 11:15:32 PM: 444: 
 èþë. 10 2023, 11:15:33 PM: 444: 
 èþë. 10 2023, 11:15:33 PM: 444: 
 èþë. 10 2023, 11:15:36 PM: 444: jojoj
 èþë. 10 2023, 11:15:47 PM: Service message: user 444 has left the chat.
 èþë. 10 2023, 11:16:58 PM: Service message: You have connected to the server.
 èþë. 10 2023, 11:17:00 PM: This name is already in use, please enter another one!
 èþë. 10 2023, 11:17:00 PM: Service message: user 6575786 has joined the chat.
 èþë. 10 2023, 11:17:05 PM: 6575786: jhk
 èþë. 10 2023, 11:17:06 PM: 6575786: jooj
 èþë. 10 2023, 11:17:12 PM: 6575786: /exit
